  OOP.cpp
d:\shootttttt\shootttttt\oop.cpp(24): warning C4305: 'initializing': truncation from 'double' to 'float'
d:\shootttttt\shootttttt\headers\objects.h(47): warning C4244: '=': conversion from 'double' to 'float', possible loss of data
d:\shootttttt\shootttttt\headers\objects.h(49): warning C4244: '=': conversion from 'double' to 'float', possible loss of data
d:\shootttttt\shootttttt\headers\objects.h(51): warning C4244: '=': conversion from 'double' to 'float', possible loss of data
d:\shootttttt\shootttttt\headers\objects.h(53): warning C4244: '=': conversion from 'double' to 'float', possible loss of data
d:\shootttttt\shootttttt\headers\objects.h(80): warning C4838: conversion from 'float' to 'int' requires a narrowing conversion
d:\shootttttt\shootttttt\headers\objects.h(80): warning C4244: 'initializing': conversion from 'float' to 'int', possible loss of data
d:\shootttttt\shootttttt\headers\objects.h(115): warning C4305: '=': truncation from 'double' to 'float'
d:\shootttttt\shootttttt\headers\objects.h(152): warning C4305: 'initializing': truncation from '__int64' to 'float'
d:\shootttttt\shootttttt\headers\objects.h(161): warning C4244: 'initializing': conversion from 'double' to 'float', possible loss of data
d:\shootttttt\shootttttt\headers\objects.h(176): warning C4305: '*=': truncation from 'double' to 'float'
d:\shootttttt\shootttttt\headers\objects.h(177): warning C4305: '*=': truncation from 'double' to 'float'
d:\shootttttt\shootttttt\oop.cpp(81): warning C4244: 'argument': conversion from 'time_t' to 'unsigned int', possible loss of data
d:\shootttttt\shootttttt\oop.cpp(222): warning C4244: '=': conversion from 'int' to 'float', possible loss of data
d:\shootttttt\shootttttt\oop.cpp(223): warning C4244: '=': conversion from 'int' to 'float', possible loss of data
d:\shootttttt\shootttttt\oop.cpp(248): warning C4244: 'initializing': conversion from 'double' to 'float', possible loss of data
d:\shootttttt\shootttttt\oop.cpp(253): warning C4244: 'initializing': conversion from 'double' to 'float', possible loss of data
d:\shootttttt\shootttttt\oop.cpp(254): warning C4244: 'initializing': conversion from 'double' to 'float', possible loss of data
d:\shootttttt\shootttttt\oop.cpp(259): warning C4244: 'argument': conversion from 'double' to 'float', possible loss of data
d:\shootttttt\shootttttt\oop.cpp(271): warning C4244: 'initializing': conversion from 'int' to 'float', possible loss of data
d:\shootttttt\shootttttt\oop.cpp(272): warning C4244: 'initializing': conversion from 'int' to 'float', possible loss of data
d:\shootttttt\shootttttt\oop.cpp(282): warning C4244: 'initializing': conversion from 'int' to 'float', possible loss of data
d:\shootttttt\shootttttt\oop.cpp(283): warning C4244: 'initializing': conversion from 'int' to 'float', possible loss of data
d:\shootttttt\shootttttt\oop.cpp(293): warning C4244: 'initializing': conversion from 'int' to 'float', possible loss of data
d:\shootttttt\shootttttt\oop.cpp(294): warning C4244: 'initializing': conversion from 'int' to 'float', possible loss of data
d:\shootttttt\shootttttt\oop.cpp(358): warning C4018: '>=': signed/unsigned mismatch
d:\shootttttt\shootttttt\oop.cpp(361): warning C4244: '/=': conversion from 'double' to 'unsigned int', possible loss of data
  Generating code
  23 of 27 functions (85.2%) were compiled, the rest were copied from previous compilation.
    0 functions were new in current compilation
    0 functions had inline decision re-evaluated but remain unchanged
  Finished generating code
  shootttttt.vcxproj -> D:\shootttttt\Release\shootttttt.exe
